<?xml version="1.0" encoding="UTF-8"?>
<testsuite xmlns:xsi="http://www.w3.org/2001/XMLSchema-instance" xsi:noNamespaceSchemaLocation="https://maven.apache.org/surefire/maven-surefire-plugin/xsd/surefire-test-report-3.0.xsd" version="3.0" name="com.moderneinstein.logical.algorithms.AppTest" time="0.006" tests="1" errors="0" skipped="0" failures="0">
  <properties>
    <property name="java.specification.version" value="17"/>
    <property name="sun.cpu.isalist" value="amd64"/>
    <property name="sun.jnu.encoding" value="Cp1252"/>
    <property name="java.class.path" value="C:\Users\201204040\Documents\Centre\Codebases\xml-parser\target\test-classes;C:\Users\201204040\Documents\Centre\Codebases\xml-parser\target\classes;C:\Users\201204040\.m2\repository\org\junit\jupiter\junit-jupiter-api\5.9.0\junit-jupiter-api-5.9.0.jar;C:\Users\201204040\.m2\repository\org\opentest4j\opentest4j\1.2.0\opentest4j-1.2.0.jar;C:\Users\201204040\.m2\repository\org\junit\platform\junit-platform-commons\1.9.0\junit-platform-commons-1.9.0.jar;C:\Users\201204040\.m2\repository\org\apiguardian\apiguardian-api\1.1.2\apiguardian-api-1.1.2.jar;"/>
    <property name="java.vm.vendor" value="Oracle Corporation"/>
    <property name="sun.arch.data.model" value="64"/>
    <property name="user.variant" value=""/>
    <property name="java.vendor.url" value="https://java.oracle.com/"/>
    <property name="user.timezone" value="Africa/Lagos"/>
    <property name="os.name" value="Windows 10"/>
    <property name="java.vm.specification.version" value="17"/>
    <property name="sun.java.launcher" value="SUN_STANDARD"/>
    <property name="user.country" value="GB"/>
    <property name="sun.boot.library.path" value="C:\Users\201204040\Documents\Centre\Packages\Java\jdk-17.0.1\bin"/>
    <property name="sun.java.command" value="C:\Users\201204040\AppData\Local\Temp\surefire45259873996176242\surefirebooter-20240130181912874_3.jar C:\Users\201204040\AppData\Local\Temp\surefire45259873996176242 2024-01-30T18-19-12_457-jvmRun1 surefire-20240130181912874_1tmp surefire_0-20240130181912874_2tmp"/>
    <property name="jdk.debug" value="release"/>
    <property name="surefire.test.class.path" value="C:\Users\201204040\Documents\Centre\Codebases\xml-parser\target\test-classes;C:\Users\201204040\Documents\Centre\Codebases\xml-parser\target\classes;C:\Users\201204040\.m2\repository\org\junit\jupiter\junit-jupiter-api\5.9.0\junit-jupiter-api-5.9.0.jar;C:\Users\201204040\.m2\repository\org\opentest4j\opentest4j\1.2.0\opentest4j-1.2.0.jar;C:\Users\201204040\.m2\repository\org\junit\platform\junit-platform-commons\1.9.0\junit-platform-commons-1.9.0.jar;C:\Users\201204040\.m2\repository\org\apiguardian\apiguardian-api\1.1.2\apiguardian-api-1.1.2.jar;"/>
    <property name="sun.cpu.endian" value="little"/>
    <property name="user.home" value="C:\Users\201204040"/>
    <property name="user.language" value="en"/>
    <property name="java.specification.vendor" value="Oracle Corporation"/>
    <property name="java.version.date" value="2021-10-19"/>
    <property name="java.home" value="C:\Users\201204040\Documents\Centre\Packages\Java\jdk-17.0.1"/>
    <property name="file.separator" value="\"/>
    <property name="basedir" value="C:\Users\201204040\Documents\Centre\Codebases\xml-parser"/>
    <property name="java.vm.compressedOopsMode" value="32-bit"/>
    <property name="line.separator" value="&#10;"/>
    <property name="java.vm.specification.vendor" value="Oracle Corporation"/>
    <property name="java.specification.name" value="Java Platform API Specification"/>
    <property name="surefire.real.class.path" value="C:\Users\201204040\AppData\Local\Temp\surefire45259873996176242\surefirebooter-20240130181912874_3.jar"/>
    <property name="user.script" value=""/>
    <property name="sun.management.compiler" value="HotSpot 64-Bit Tiered Compilers"/>
    <property name="java.runtime.version" value="17.0.1+12-LTS-39"/>
    <property name="user.name" value="201204040"/>
    <property name="path.separator" value=";"/>
    <property name="os.version" value="10.0"/>
    <property name="java.runtime.name" value="Java(TM) SE Runtime Environment"/>
    <property name="file.encoding" value="Cp1252"/>
    <property name="java.vm.name" value="Java HotSpot(TM) 64-Bit Server VM"/>
    <property name="localRepository" value="C:\Users\201204040\.m2\repository"/>
    <property name="java.vendor.url.bug" value="https://bugreport.java.com/bugreport/"/>
    <property name="java.io.tmpdir" value="C:\Users\201204~1\AppData\Local\Temp\"/>
    <property name="java.version" value="17.0.1"/>
    <property name="user.dir" value="C:\Users\201204040\Documents\Centre\Codebases\xml-parser"/>
    <property name="os.arch" value="amd64"/>
    <property name="java.vm.specification.name" value="Java Virtual Machine Specification"/>
    <property name="sun.os.patch.level" value=""/>
    <property name="native.encoding" value="Cp1252"/>
    <property name="java.library.path" value="C:\Users\201204040\Documents\Centre\Packages\Java\jdk-17.0.1\bin;C:\WINDOWS\Sun\Java\bin;C:\WINDOWS\system32;C:\WINDOWS;C:\WINDOWS\system32;C:\WINDOWS;C:\WINDOWS\System32\Wbem;C:\WINDOWS\System32\WindowsPowerShell\v1.0\;C:\Users\201204040\Documents\Centre\PortableGit\bin;C:\Users\201204040\Documents\Centre\Packages\Java\jdk-17.0.1;C:\Users\201204040\Documents\Centre\Packages\Java\jdk-17.0.1\bin;C:\Users\201204040\Documents\Centre\Maven_Presets\apache-maven-3.8.5-bin\apache-maven-3.8.5\bin;C:\Users\201204040\Documents\Centre\MongoDB\mongosh-2.0.1-win32-x64\mongosh-2.0.1-win32-x64\bin;C:\Users\201204040\Documents\Centre\MongoDB\mongodb-windows-x86_64-7.0.2\mongodb-win32-x86_64-windows-7.0.2\bin;C:\Users\201204040\AppData\Local\Microsoft\WindowsApps;;."/>
    <property name="java.vm.info" value="mixed mode, sharing"/>
    <property name="java.vendor" value="Oracle Corporation"/>
    <property name="java.vm.version" value="17.0.1+12-LTS-39"/>
    <property name="sun.io.unicode.encoding" value="UnicodeLittle"/>
    <property name="java.class.version" value="61.0"/>
  </properties>
  <testcase name="shouldAnswerWithTrue" classname="com.moderneinstein.logical.algorithms.AppTest" time="0.005">
    <system-out><![CDATA[xml::{version=[2.1]}
{artifactId=[artifactId:maven-clean-plugin:{}, artifactId:maven-resources-plugin:{}], plugin=[plugin::{}, plugin::{}], pluginManagement=[pluginManagement::{}], plugins=[plugins::{}], version=[version:3.1.0:{}, version:3.0.2:{}], xml=[xml::{version=[2.1]}]}
[[xml::{version=[2.1]}], [pluginManagement::{}], [plugins::{}], [plugin::{}, plugin::{}], [artifactId:maven-clean-plugin:{}, version:3.1.0:{}, artifactId:maven-resources-plugin:{}, version:3.0.2:{}]]

<xml encoding=UTF-8 version=1.0 ><attempt class=frames ><alias width=30px >Trials</alias></attempt><parse id=tracks ><alias height=40px >plans</alias></parse></xml>
true
<xml encoding=UTF-8 version=1.0 ><attempt class=frames ><alias width=30px >Trials</alias></attempt><parse id=tracks ><alias height=40px >plans</alias></parse></xml> 

<dependency ><groupId >junit</groupId><artifactId >junit</artifactId><version >4.11</version><scope >test</scope></dependency>
true
<dependency ><groupId >junit</groupId><artifactId >junit</artifactId><version >4.11</version><scope >test</scope></dependency> 


]]></system-out>
  </testcase>
</testsuite>