<?xml version="1.0" encoding="UTF-8"?>
<testsuite xmlns:xsi="http://www.w3.org/2001/XMLSchema-instance" xsi:noNamespaceSchemaLocation="https://maven.apache.org/surefire/maven-surefire-plugin/xsd/surefire-test-report-3.0.xsd" version="3.0" name="com.moderneinstein.logical.algorithms.SerialTest" time="0.047" tests="1" errors="0" skipped="0" failures="0">
  <properties>
    <property name="java.specification.version" value="17"/>
    <property name="sun.cpu.isalist" value="amd64"/>
    <property name="sun.jnu.encoding" value="Cp1252"/>
    <property name="java.class.path" value="C:\Users\ACCESS\Documents\Code\xml-parser\target\test-classes;C:\Users\ACCESS\Documents\Code\xml-parser\target\classes;C:\Users\ACCESS\.m2\repository\org\junit\jupiter\junit-jupiter-api\5.9.0\junit-jupiter-api-5.9.0.jar;C:\Users\ACCESS\.m2\repository\org\opentest4j\opentest4j\1.2.0\opentest4j-1.2.0.jar;C:\Users\ACCESS\.m2\repository\org\junit\platform\junit-platform-commons\1.9.0\junit-platform-commons-1.9.0.jar;C:\Users\ACCESS\.m2\repository\org\apiguardian\apiguardian-api\1.1.2\apiguardian-api-1.1.2.jar;"/>
    <property name="java.vm.vendor" value="Oracle Corporation"/>
    <property name="sun.arch.data.model" value="64"/>
    <property name="user.variant" value=""/>
    <property name="java.vendor.url" value="https://java.oracle.com/"/>
    <property name="user.timezone" value="Africa/Lagos"/>
    <property name="os.name" value="Windows 10"/>
    <property name="java.vm.specification.version" value="17"/>
    <property name="sun.java.launcher" value="SUN_STANDARD"/>
    <property name="user.country" value="GB"/>
    <property name="sun.boot.library.path" value="C:\Program Files\Java\jdk-17.0.8\bin"/>
    <property name="sun.java.command" value="C:\Users\ACCESS\AppData\Local\Temp\surefire13445785930993053403\surefirebooter-20240131195247887_3.jar C:\Users\ACCESS\AppData\Local\Temp\surefire13445785930993053403 2024-01-31T19-52-45_306-jvmRun1 surefire-20240131195247887_1tmp surefire_0-20240131195247887_2tmp"/>
    <property name="jdk.debug" value="release"/>
    <property name="surefire.test.class.path" value="C:\Users\ACCESS\Documents\Code\xml-parser\target\test-classes;C:\Users\ACCESS\Documents\Code\xml-parser\target\classes;C:\Users\ACCESS\.m2\repository\org\junit\jupiter\junit-jupiter-api\5.9.0\junit-jupiter-api-5.9.0.jar;C:\Users\ACCESS\.m2\repository\org\opentest4j\opentest4j\1.2.0\opentest4j-1.2.0.jar;C:\Users\ACCESS\.m2\repository\org\junit\platform\junit-platform-commons\1.9.0\junit-platform-commons-1.9.0.jar;C:\Users\ACCESS\.m2\repository\org\apiguardian\apiguardian-api\1.1.2\apiguardian-api-1.1.2.jar;"/>
    <property name="sun.cpu.endian" value="little"/>
    <property name="user.home" value="C:\Users\ACCESS"/>
    <property name="user.language" value="en"/>
    <property name="java.specification.vendor" value="Oracle Corporation"/>
    <property name="java.version.date" value="2023-07-18"/>
    <property name="java.home" value="C:\Program Files\Java\jdk-17.0.8"/>
    <property name="file.separator" value="\"/>
    <property name="basedir" value="C:\Users\ACCESS\Documents\Code\xml-parser"/>
    <property name="java.vm.compressedOopsMode" value="32-bit"/>
    <property name="line.separator" value="&#10;"/>
    <property name="java.vm.specification.vendor" value="Oracle Corporation"/>
    <property name="java.specification.name" value="Java Platform API Specification"/>
    <property name="surefire.real.class.path" value="C:\Users\ACCESS\AppData\Local\Temp\surefire13445785930993053403\surefirebooter-20240131195247887_3.jar"/>
    <property name="user.script" value=""/>
    <property name="sun.management.compiler" value="HotSpot 64-Bit Tiered Compilers"/>
    <property name="java.runtime.version" value="17.0.8+9-LTS-211"/>
    <property name="user.name" value="ACCESS"/>
    <property name="path.separator" value=";"/>
    <property name="os.version" value="10.0"/>
    <property name="java.runtime.name" value="Java(TM) SE Runtime Environment"/>
    <property name="file.encoding" value="Cp1252"/>
    <property name="java.vm.name" value="Java HotSpot(TM) 64-Bit Server VM"/>
    <property name="localRepository" value="C:\Users\ACCESS\.m2\repository"/>
    <property name="java.vendor.url.bug" value="https://bugreport.java.com/bugreport/"/>
    <property name="java.io.tmpdir" value="C:\Users\ACCESS\AppData\Local\Temp\"/>
    <property name="java.version" value="17.0.8"/>
    <property name="user.dir" value="C:\Users\ACCESS\Documents\Code\xml-parser"/>
    <property name="os.arch" value="amd64"/>
    <property name="java.vm.specification.name" value="Java Virtual Machine Specification"/>
    <property name="sun.os.patch.level" value=""/>
    <property name="native.encoding" value="Cp1252"/>
    <property name="java.library.path" value="C:\Program Files\Java\jdk-17.0.8\bin;C:\WINDOWS\Sun\Java\bin;C:\WINDOWS\system32;C:\WINDOWS;C:\WINDOWS\system32;C:\WINDOWS;C:\WINDOWS\System32\Wbem;C:\WINDOWS\System32\WindowsPowerShell\v1.0\;C:\WINDOWS\System32\OpenSSH\;C:\Program Files (x86)\QuickTime\QTSystem\;C:\Users\Public\Alternate\apache-maven-3.8.5-bin\apache-maven-3.8.5\bin;C:\Program Files (x86)\Epic Games\Epic Online Services;C:\Program Files (x86)\Epic Games\DirectXRedist;C:\Users\NEW USER\Desktop;C:\Users\NEW USER\Downloads\Platform-tools _r31.0.3-windows\platform-tools;C:\Program Files\dotnet;C:\Users\NEW USER\Documents\lib\apache-maven-3.8.1-bin\apache-maven-3.8.1\bin;C:\Users\NEW USER\Documents\lib\chromedriver_win32;C:\Users\NEW USER\Documents\lib\geckodriver-v0.29.0-win64;C:\Program Files\Java\jdk-17.0.8\bin;C:\Users\NEW USER\Downloads\openjfx-11.0.2_windows-x64_bin-sdk\javafx-sdk-11.0.2;C:\Program Files\Microsoft SQL Server\130\Tools\Binn\;C:\Users\Public\Android_SDK\android-sdk17-windows;C:\Program Files\Microsoft SQL Server\Client SDK\ODBC\170\Tools\Binn\;C:\Users\NEW USER\Downloads\openjfx-11.0.2_windows-x64_bin-sdk\javafx-sdk-11.0.2\lib\javafx.graphics\javafx;C:\Users\Public\Documents\GRADLE_VERSIONS\gradle-7.5-all\gradle-7.5\bin;C:\Users\Public\Alternate\gradle-8.2.1-all\gradle-8.2.1\bin;C:\Users\Public\Alternate\commandlinetools-win-9477386_latest\cmdline-tools\bin;C:\Users\NEW USER\Downloads\openjfx-11.0.2_windows-x64_bin-sdk\javafx-sdk-11.0.2\lib\*;C:\Users\NEW USER\Downloads\apache-maven-3.8.2-bin\apache-maven-3.8.2\lib\*;C:\Program Files (x86)\Git\cmd;C:\Program Files\mingw-w64\x86_64-8.1.0-posix-seh-rt_v6-rev0\mingw64\bin;C:\Users\Public\Cores\android-sdk17-windows (2)\android-sdk17-windows\build-tools\30.0.3;C:\Users\Public\Cores\android-sdk17-windows (2)\android-sdk17-windows\;C:\Users\Public\Cores\android-sdk17-windows (2)\android-sdk17-windows\platform-tools;C:\Program Files\Java\jdk-16.0.2;C:\Users\ACCESS\Downloads\mongosh-2.0.1-win32-x64\mongosh-2.0.1-win32-x64\bin;C:\Users\ACCESS\Downloads\mongodb-windows-x86_64-7.0.2\mongodb-win32-x86_64-windows-7.0.2\bin;C:\Users\ACCESS\AppData\Local\Microsoft\WindowsApps;;."/>
    <property name="java.vm.info" value="mixed mode, sharing"/>
    <property name="java.vendor" value="Oracle Corporation"/>
    <property name="java.vm.version" value="17.0.8+9-LTS-211"/>
    <property name="sun.io.unicode.encoding" value="UnicodeLittle"/>
    <property name="java.class.version" value="61.0"/>
  </properties>
  <testcase name="test5" classname="com.moderneinstein.logical.algorithms.SerialTest" time="0.047">
    <system-out><![CDATA[com.moderneinstein.logical.algorithms.SerialTest.TestClass1
[com.moderneinstein.logical.algorithms.SerialTest$TestClass1]
java.lang.Object
[java.lang.Object, com.moderneinstein.logical.algorithms.SerialTest$TestClass1]
False
Memorised
Memorised
Memorised
[[com.moderneinstein.logical.algorithms.SerialTest.TestClass1::{}], [java.lang.String:Straight:{}, java.lang.String:Straps:{}]]
{com.moderneinstein.logical.algorithms.SerialTest.TestClass1=[com.moderneinstein.logical.algorithms.SerialTest.TestClass1::{}], java.lang.String=[java.lang.String:Straight:{}, java.lang.String:Straps:{}]}
<com.moderneinstein.logical.algorithms.SerialTest.TestClass1 ><java.lang.String >Straight</java.lang.String><java.lang.String >Straps</java.lang.String></com.moderneinstein.logical.algorithms.SerialTest.TestClass1>
java.lang.String
Memorised
Memorised
Memorised
Memorised
[[com.moderneinstein.logical.algorithms.SerialTest.TestClass1::{}], [java.lang.String:Trials:{}, java.lang.String:Verse:{}]]
{com.moderneinstein.logical.algorithms.SerialTest.TestClass1=[com.moderneinstein.logical.algorithms.SerialTest.TestClass1::{}], java.lang.String=[java.lang.String:Trials:{}, java.lang.String:Verse:{}]}
<com.moderneinstein.logical.algorithms.SerialTest.TestClass1 ><java.lang.String >Trials</java.lang.String><java.lang.String >Verse</java.lang.String></com.moderneinstein.logical.algorithms.SerialTest.TestClass1>
java.lang.String
construct instance
[[xml::{version=[1.0]}], [groupId:com.moderneinstein.logical.algorithms:{}, artifactId:xml-parser:{}, version:2.4:{}, name:xml-parser:{}]]
com.moderneinstein.logical.algorithms.XMLCore
[com.moderneinstein.logical.algorithms.XMLCore]
java.lang.Object
[java.lang.Object, com.moderneinstein.logical.algorithms.XMLCore]
False
Memorised
Memorised
Memorised
com.moderneinstein.logical.algorithms.XMLElement
[com.moderneinstein.logical.algorithms.XMLElement]
java.lang.Object
[com.moderneinstein.logical.algorithms.XMLElement, java.lang.Object]
java.lang.Comparable
[com.moderneinstein.logical.algorithms.XMLElement, java.lang.Object, java.lang.Comparable]
java.lang.Cloneable
[java.lang.Cloneable, com.moderneinstein.logical.algorithms.XMLElement, java.lang.Object, java.lang.Comparable]
False
Memorised
Memorised
Memorised
java.util.Vector
[java.util.Vector]
java.util.AbstractList
[java.util.Vector, java.util.AbstractList]
java.util.List
[java.util.List, java.util.Vector, java.util.AbstractList]
java.util.RandomAccess
[java.util.RandomAccess, java.util.List, java.util.Vector, java.util.AbstractList]
java.lang.Cloneable
[java.util.RandomAccess, java.util.List, java.lang.Cloneable, java.util.Vector, java.util.AbstractList]
java.io.Serializable
[java.util.RandomAccess, java.util.List, java.lang.Cloneable, java.util.Vector, java.util.AbstractList, java.io.Serializable]
java.util.AbstractCollection
[java.util.RandomAccess, java.util.List, java.lang.Cloneable, java.util.AbstractCollection, java.util.Vector, java.util.AbstractList, java.io.Serializable]
java.util.List
java.util.Collection
[java.util.RandomAccess, java.util.List, java.lang.Cloneable, java.util.AbstractCollection, java.util.Vector, java.util.Collection, java.util.AbstractList, java.io.Serializable]
java.lang.Object
[java.util.RandomAccess, java.util.List, java.lang.Cloneable, java.util.AbstractCollection, java.util.Vector, java.util.Collection, java.util.AbstractList, java.lang.Object, java.io.Serializable]
java.util.Collection
java.lang.Iterable
[java.util.RandomAccess, java.util.List, java.lang.Cloneable, java.util.AbstractCollection, java.util.Vector, java.util.Collection, java.util.AbstractList, java.lang.Object, java.lang.Iterable, java.io.Serializable]
False
Memorised
Memorised
Memorised
Memorised
Memorised
Memorised
Memorised
Memorised
Memorised
Memorised
Memorised
java.lang.String[]
[[Ljava.lang.String;]
java.lang.Object
[java.lang.Object, [Ljava.lang.String;]
java.lang.Cloneable
[java.lang.Cloneable, java.lang.Object, [Ljava.lang.String;]
java.io.Serializable
[java.lang.Cloneable, java.lang.Object, [Ljava.lang.String;, java.io.Serializable]
False
Memorised
Memorised
Memorised
Memorised
Memorised
Memorised
Memorised
Memorised
Memorised
Memorised
Memorised
Memorised
Memorised
Memorised
Memorised
Memorised
Memorised
Memorised
Memorised
{artifactId=[artifactId:maven-jar-plugin:{}], groupId=[groupId:org.apache.maven.plugins:{}], plugin=[plugin::{}], version=[version:3.0.2:{}]}
Memorised
Memorised
Memorised
Memorised
Memorised
Memorised
Memorised
Memorised
Memorised
Memorised
Memorised
Memorised
Memorised
Memorised
Memorised
Memorised
Memorised
Memorised
Memorised
Memorised
Memorised
Memorised
Memorised
Memorised
Memorised
Memorised
Memorised
Memorised
Memorised
Memorised
Memorised
Memorised
Memorised
Memorised
Memorised
Memorised
Memorised
Memorised
Memorised
Memorised
Memorised
Memorised
Memorised
Memorised
Memorised
Memorised
Memorised
Memorised
Memorised
Memorised
Memorised
Memorised
Memorised
Memorised
Memorised
Memorised
Memorised
Memorised
Memorised
Memorised
Memorised
Memorised
Memorised
Memorised
Memorised
Memorised
Memorised
Memorised
Memorised
Memorised
[[com.moderneinstein.logical.algorithms.XMLCore::{}], [com.moderneinstein.logical.algorithms.XMLElement::{}, java.util.Vector::{}, null:null:{}, java.lang.String[]::{}, java.lang.String[]::{}, java.lang.String[]::{}, java.lang.Character:=:{}, java.lang.Character: :{}], [java.lang.Character:::{}, com.moderneinstein.logical.algorithms.XMLCore::{}, com.moderneinstein.logical.algorithms.XMLCore::{}, com.moderneinstein.logical.algorithms.XMLCore::{}, com.moderneinstein.logical.algorithms.XMLCore::{}], [com.moderneinstein.logical.algorithms.XMLElement::{}, java.util.Vector::{}, null:null:{}, java.lang.String[]::{}, java.lang.String[]::{}, java.lang.String[]::{}, java.lang.Character:=:{}, java.lang.Character: :{}, com.moderneinstein.logical.algorithms.XMLElement::{}, java.util.Vector::{}, null:null:{}, java.lang.String[]::{}, java.lang.String[]::{}, java.lang.String[]::{}, java.lang.Character:=:{}, java.lang.Character: :{}, com.moderneinstein.logical.algorithms.XMLElement::{}, java.util.Vector::{}, null:null:{}, java.lang.String[]::{}, java.lang.String[]::{}, java.lang.String[]::{}, java.lang.Character:=:{}, java.lang.Character: :{}, com.moderneinstein.logical.algorithms.XMLElement::{}, java.util.Vector::{}, null:null:{}, java.lang.String[]::{}, java.lang.String[]::{}, java.lang.String[]::{}, java.lang.Character:=:{}, java.lang.Character: :{}], [java.lang.Character:::{}, java.lang.Character:::{}, java.lang.Character:::{}, java.lang.Character:::{}]]
]]></system-out>
  </testcase>
</testsuite>